<?xml version="1.0" encoding="UTF-8"?>
<!-- Generated by org.testng.reporters.JUnitReportReporter -->
<testsuite hostname="LAP-078-172-16-172-192" failures="0" tests="1" name="org.example.AppTest" time="0.008" errors="0" timestamp="2024-06-11T14:36:54 PKT" skipped="0">
  <testcase classname="org.example.AppTest" name="testApp" time="0.008"/>
  <system-out/>
</testsuite> <!-- org.example.AppTest -->
